Removed Pin From Net: NetName=VDD3V Pin=P3-1
Removed Pin From Net: NetName=VDD3V Pin=P3-2
Removed Pin From Net: NetName=X4_IO1 Pin=P4-1
Removed Pin From Net: NetName=QSPI_SCLK/SPI_SCLK Pin=P4-2
Removed Pin From Net: NetName=QSPI_IO1/SPI_MISO Pin=P4-3
Removed Pin From Net: NetName=QSPI_IO3 Pin=P4-4
Removed Pin From Net: NetName=X4_ENABLE Pin=P4-5
Removed Pin From Net: NetName=X4_IO2 Pin=P5-1
Removed Pin From Net: NetName=QSPI_IO0/SPI_MOSI Pin=P5-2
Removed Pin From Net: NetName=QSPI_IO2 Pin=P5-3
Removed Pin From Net: NetName=QSPI_NSS/SPI_NSS Pin=P5-4
Removed Pin From Net: NetName=GND Pin=P5-5
Removed Pin From Net: NetName=GND Pin=S1-1
Removed Pin From Net: NetName=GND Pin=S1-1
Removed Pin From Net: NetName=GND Pin=S1-1
Removed Pin From Net: NetName=GND Pin=S1-1
Removed Pin From Net: NetName=GND Pin=S1-1
Removed Pin From Net: NetName=GND Pin=S1-1
Removed Pin From Net: NetName=GND Pin=S1-1
Removed Pin From Net: NetName=GND Pin=S1-1
Change Component DesignItemId : Designator=P3 Old DesignItemId=ALTIUM-0024 New DesignItemId=Header 5
Change Component DesignItemId : Designator=P4 Old DesignItemId=ALTIUM-0024 New DesignItemId=Header 5
Change Component Footprint: Designator=P3 Old Footprint=ALTIUM-0024 New Footprint=SMD3
Change Component Footprint: Designator=P4 Old Footprint=ALTIUM-0024 New Footprint=SMD3
Change Component Comment : Designator=P3 Old Comment=5x CONNECTION PADS New Comment=SMA
Change Component Comment : Designator=P4 Old Comment=5x CONNECTION PADS New Comment=SMA
Change Component Kind : Designator=P4 Old Kind=Standard (No BOM) New Kind=Standard
Change Component Kind : Designator=P3 Old Kind=Standard (No BOM) New Kind=Standard
Added Component: Designator=J1(HDR2X10)
Added Component: Designator=P1(SMD3)
Added Component: Designator=P2(SMD3)
Added Pin To Net: NetName=VDD3V Pin=J1-1
Added Pin To Net: NetName=GND Pin=J1-2
Added Pin To Net: NetName=GND Pin=J1-3
Added Pin To Net: NetName=GND Pin=J1-4
Added Pin To Net: NetName=QSPI_SCLK/SPI_SCLK Pin=J1-5
Added Pin To Net: NetName=QSPI_IO0/SPI_MOSI Pin=J1-7
Added Pin To Net: NetName=QSPI_IO1/SPI_MISO Pin=J1-9
Added Pin To Net: NetName=GND Pin=J1-11
Added Pin To Net: NetName=GND Pin=J1-12
Added Pin To Net: NetName=QSPI_NSS/SPI_NSS Pin=J1-13
Added Pin To Net: NetName=QSPI_IO2 Pin=J1-15
Added Pin To Net: NetName=X4_ENABLE Pin=J1-16
Added Pin To Net: NetName=QSPI_IO3 Pin=J1-17
Added Pin To Net: NetName=GND Pin=J1-19
Added Pin To Net: NetName=GND Pin=J1-20
Added Pin To Net: NetName=RFOUT_P Pin=P1-1
Added Pin To Net: NetName=GND Pin=P1-2
Added Pin To Net: NetName=GND Pin=P1-3
Added Pin To Net: NetName=GND Pin=P1-4
Added Pin To Net: NetName=GND Pin=P1-5
Added Pin To Net: NetName=RFOUT_N Pin=P2-1
Added Pin To Net: NetName=GND Pin=P2-2
Added Pin To Net: NetName=GND Pin=P2-3
Added Pin To Net: NetName=GND Pin=P2-4
Added Pin To Net: NetName=GND Pin=P2-5
Added Pin To Net: NetName=RFIN_P Pin=P3-1
Added Pin To Net: NetName=GND Pin=P3-2
Added Pin To Net: NetName=GND Pin=P3-5
Added Pin To Net: NetName=RFIN_N Pin=P4-1
Added Pin To Net: NetName=GND Pin=P4-2
Added Pin To Net: NetName=GND Pin=P4-3
Added Pin To Net: NetName=GND Pin=P4-4
Added Pin To Net: NetName=GND Pin=P4-5
Added Pin To Net: NetName=IO5_LVDS_N Pin=J1-6
Added Pin To Net: NetName=IO5_LVDS_N Pin=U100-F6
Added Net: Name=IO5_LVDS_N
Added Pin To Net: NetName=IO6_LVDS_P Pin=J1-8
Added Pin To Net: NetName=IO6_LVDS_P Pin=U100-F7
Added Net: Name=IO6_LVDS_P
Added Pin To Net: NetName=X4_GPIO1 Pin=J1-10
Added Net: Name=X4_GPIO1
Added Pin To Net: NetName=X4_GPIO2 Pin=J1-18
Added Net: Name=X4_GPIO2
Added Pin To Net: NetName=X4_GPIO4 Pin=J1-14
Added Net: Name=X4_GPIO4
Change Class Name : Old Net Name=U_X4 New Net Name=X4
Added Member To Class: ClassName=X4 Member=Component J1 2.54mmÀ´≈≈’Î
Added Member To Class: ClassName=X4 Member=Component P1 SMA
Added Member To Class: ClassName=X4 Member=Component P2 SMA
Added Member To Class: ClassName=X4 Member=Component P3 SMA
Added Member To Class: ClassName=X4 Member=Component P4 SMA
